<?xml version="1.0" encoding="UTF-8"?>
<!-- Generated by org.testng.reporters.JUnitReportReporter -->
<testsuite skipped="0" hostname="DESKTOP-JE0GU01" name="Test.ReadingFromExcelFile" tests="1" failures="0" timestamp="2020-08-03T15:07:07 IST" time="2.690" errors="0">
  <testcase name="readExcel" time="2.690" classname="Test.ReadingFromExcelFile"/>
  <system-out/>
</testsuite> <!-- Test.ReadingFromExcelFile -->
