<?xml version="1.0" encoding="UTF-8"?>
<!-- Generated by org.testng.reporters.JUnitReportReporter -->
<testsuite skipped="0" hostname="DESKTOP-JE0GU01" name="RestAssuredAutomation.StaticJson" tests="1" failures="0" timestamp="2020-06-08T23:39:44 IST" time="18.463" errors="0">
  <testcase name="addBook" time="18.463" classname="RestAssuredAutomation.StaticJson"/>
</testsuite> <!-- RestAssuredAutomation.StaticJson -->
