<?xml version="1.0" encoding="UTF-8"?>
<!-- Generated by org.testng.reporters.JUnitReportReporter -->
<testsuite skipped="0" hostname="DESKTOP-JE0GU01" name="RestAssuredAutomation.DynamicJson" tests="2" failures="0" timestamp="2020-06-08T21:50:54 IST" time="8.788" errors="0">
  <testcase name="addBook" time="8.118" classname="RestAssuredAutomation.DynamicJson"/>
  <testcase name="addBook" time="0.670" classname="RestAssuredAutomation.DynamicJson"/>
</testsuite> <!-- RestAssuredAutomation.DynamicJson -->
